Gen0:
  1 2 3 4 5 6 7 8 9 0 1 2 3 4 5 
1                               
2                               
3                               
4                               
5                               
6       * * *       * * *       
7                               
8   *         *   *         *   
9   *         *   *         *   
0   *         *   *         *   
1       * * *       * * *       
2                               
3                               
4                               
5                               
Gen1:
  1 2 3 4 5 6 7 8 9 0 1 2 3 4 5 
1                               
2                               
3                               
4                               
5         *           *         
6         *           *         
7         * *       * *         
8                               
9 * * *     * *   * *     * * * 
0     *   *   *   *   *   *     
1         * *       * *         
2         *           *         
3                               
4                               
5                               
Gen2:
  1 2 3 4 5 6 7 8 9 0 1 2 3 4 5 
1                               
2                               
3                               
4                               
5                               
6       * *           * *       
7         * *       * *         
8   *     *   *   *   *     *   
9   * * *   * *   * *   * * *   
0     *   *   *   *   *   *     
1         *           *         
2         * *       * *         
3                               
4                               
5                               
Gen3:
  1 2 3 4 5 6 7 8 9 0 1 2 3 4 5 
1                               
2                               
3                               
4                               
5                               
6       * * *       * * *       
7                               
8   *         *   *         *   
9   *         *   *         *   
0   * *   *   *   *   *   * *   
1         *           *         
2         * *       * *         
3                               
4                               
5                               
Gen4:
  1 2 3 4 5 6 7 8 9 0 1 2 3 4 5 
1                               
2                               
3                               
4                               
5         *           *         
6         *           *         
7         * *       * *         
8                               
9 * *         *   *         * * 
0   * * *               * * *   
1         *           *         
2         * *       * *         
3                               
4                               
5                               
Gen5:
  1 2 3 4 5 6 7 8 9 0 1 2 3 4 5 
1                               
2                               
3                               
4                               
5                               
6       * *           * *       
7         * *       * *         
8           *       *           
9 * *                       * * 
0 * * * *               * * * * 
1     *   * *       * *   *     
2         * *       * *         
3                               
4                               
5                               
Gen6:
  1 2 3 4 5 6 7 8 9 0 1 2 3 4 5 
1                               
2                               
3                               
4                               
5                               
6       * * *       * * *       
7       *   *       *   *       
8         * *       * *         
9 *                           * 
0 *     * *           * *     * 
1     *     *       *     *     
2       * * *       * * *       
3                               
4                               
5                               
Gen7:
  1 2 3 4 5 6 7 8 9 0 1 2 3 4 5 
1                               
2                               
3                               
4                               
5         *           *         
6       *   *       *   *       
7       *     *   *     *       
8         * *       * *         
9       *   *       *   *       
0   *   * *           * *   *   
1     *     *       *     *     
2       * * *       * * *       
3         *           *         
4                               
5                               
Gen8:
  1 2 3 4 5 6 7 8 9 0 1 2 3 4 5 
1                               
2                               
3                               
4                               
5         *           *         
6       *   *       *   *       
7       *     *   *     *       
8       *   * *   * *   *       
9     * *   *       *   * *     
0       *   *       *   *       
1     *     *       *     *     
2       *   *       *   *       
3       * * *       * * *       
4                               
5                               
Gen9:
  1 2 3 4 5 6 7 8 9 0 1 2 3 4 5 
1                               
2                               
3                               
4                               
5         *           *         
6       *   *       *   *       
7     * *     *   *     * *     
8       *   * *   * *   *       
9     * *   *       *   * *     
0       *   * *   * *   *       
1     * *   * *   * *   * *     
2     * *   * *   * *   * *     
3       *   *       *   *       
4         *           *         
5                               
Gen10:
  1 2 3 4 5 6 7 8 9 0 1 2 3 4 5 
1                               
2                               
3                               
4                               
5         *           *         
6     * *   *       *   * *     
7     * *     *   *     * *     
8           * *   * *           
9     * *               * *     
0                               
1                               
2                               
3     * *   * *   * *   * *     
4         *           *         
5                               
Gen11:
  1 2 3 4 5 6 7 8 9 0 1 2 3 4 5 
1                               
2                               
3                               
4                               
5       * *           * *       
6     *     *       *     *     
7     * *     *   *     * *     
8         * * *   * * *         
9                               
0                               
1                               
2                               
3       * * *       * * *       
4       * * *       * * *       
5                               
Gen12:
  1 2 3 4 5 6 7 8 9 0 1 2 3 4 5 
1                               
2                               
3                               
4                               
5       * *           * *       
6     *     *       *     *     
7     * *     *   *     * *     
8       * * * *   * * * *       
9           *       *           
0                               
1                               
2         *           *         
3       *   *       *   *       
4       *   *       *   *       
5         *           *         
Gen13:
  1 2 3 4 5 6 7 8 9 0 1 2 3 4 5 
1                               
2                               
3                               
4                               
5       * *           * *       
6     *     *       *     *     
7     *       *   *       *     
8     * *     *   *     * *     
9           * *   * *           
0                               
1                               
2         *           *         
3       *   *       *   *       
4       *   *       *   *       
5         *           *         
Gen14:
  1 2 3 4 5 6 7 8 9 0 1 2 3 4 5 
1                               
2                               
3                               
4                               
5       * *           * *       
6     *   * *       * *   *     
7   * *     * *   * *     * *   
8     * *     *   *     * *     
9           * *   * *           
0                               
1                               
2         *           *         
3       *   *       *   *       
4       *   *       *   *       
5         *           *         
Gen15:
  1 2 3 4 5 6 7 8 9 0 1 2 3 4 5 
1                               
2                               
3                               
4                               
5       * * *       * * *       
6   * *       *   *       * *   
7   *         *   *         *   
8   * * * *           * * * *   
9           * *   * *           
0                               
1                               
2         *           *         
3       *   *       *   *       
4       *   *       *   *       
5         *           *         
Gen16:
  1 2 3 4 5 6 7 8 9 0 1 2 3 4 5 
1                               
2                               
3                               
4         *           *         
5     * * * *       * * * *     
6   * * * *   *   *   * * * *   
7 *         *       *         * 
8   * * * *   *   *   * * * *   
9     * * * *       * * * *     
0                               
1                               
2         *           *         
3       *   *       *   *       
4       *   *       *   *       
5         *           *         
Gen17:
  1 2 3 4 5 6 7 8 9 0 1 2 3 4 5 
1                               
2                               
3                               
4         * *       * *         
5   *                       *   
6   *         *   *         *   
7 *           *   *           * 
8   *         *   *         *   
9   *       *       *       *   
0       * *           * *       
1                               
2         *           *         
3       *   *       *   *       
4       *   *       *   *       
5         *           *         
Gen18:
  1 2 3 4 5 6 7 8 9 0 1 2 3 4 5 
1                               
2                               
3                               
4                               
5           *       *           
6 * *                       * * 
7 * *       * *   * *       * * 
8 * *       * *   * *       * * 
9     *   * *       * *   *     
0         *           *         
1       * *           * *       
2         *           *         
3       *   *       *   *       
4       *   *       *   *       
5         *           *         
Gen19:
  1 2 3 4 5 6 7 8 9 0 1 2 3 4 5 
1                               
2                               
3                               
4                               
5                               
6 * *       * *   * *       * * 
7     *     * *   * *     *     
8 *   *                   *   * 
9   *   * *   *   *   * *   *   
0                               
1       * * *       * * *       
2           *       *           
3       *   *       *   *       
4       *   *       *   *       
5         *           *         
Gen20:
  1 2 3 4 5 6 7 8 9 0 1 2 3 4 5 
1                               
2                               
3                               
4                               
5                               
6   *       * *   * *       *   
7 *   *     * *   * *     *   * 
8     *   *   *   *   *   *     
9   * * *               * * *   
0     *                   *     
1         * *       * *         
2       *   * *   * *   *       
3           * *   * *           
4       *   *       *   *       
5         *           *         
Gen21:
  1 2 3 4 5 6 7 8 9 0 1 2 3 4 5 
1                               
2                               
3                               
4                               
5                               
6   *       * *   * *       *   
7     * * *           * * *     
8         *   *   *   *         
9   *                       *   
0   * *   *           *   * *   
1       * * * *   * * * *       
2                               
3                               
4           * *   * *           
5         *           *         
Gen22:
  1 2 3 4 5 6 7 8 9 0 1 2 3 4 5 
1                               
2                               
3                               
4                               
5                               
6     * * * *       * * * *     
7     * * *   *   *   * * *     
8     *   * *       * *   *     
9   * * *   *       *   * * *   
0   * *   *           *   * *   
1     * * * *       * * * *     
2         * *       * *         
3                               
4           *       *           
5           *       *           
Gen23:
  1 2 3 4 5 6 7 8 9 0 1 2 3 4 5 
1                               
2                               
3                               
4                               
5       * *           * *       
6     *     *       *     *     
7   *         *   *         *   
8             *   *             
9           *       *           
0                               
1   * *                   * *   
2           *       *           
3         * *       * *         
4                               
5                               
Gen24:
  1 2 3 4 5 6 7 8 9 0 1 2 3 4 5 
1                               
2                               
3                               
4                               
5       * *           * *       
6     * * * *       * * * *     
7           * *   * *           
8           * *   * *           
9                               
0                               
1                               
2         * *       * *         
3         * *       * *         
4                               
5                               
Gen25:
  1 2 3 4 5 6 7 8 9 0 1 2 3 4 5 
1                               
2                               
3                               
4                               
5     *     *       *     *     
6     *       *   *       *     
7       *               *       
8           * *   * *           
9                               
0                               
1                               
2         * *       * *         
3         * *       * *         
4                               
5                               
Gen26:
  1 2 3 4 5 6 7 8 9 0 1 2 3 4 5 
1                               
2                               
3                               
4                               
5                               
6     * *               * *     
7           * *   * *           
8                               
9                               
0                               
1                               
2         * *       * *         
3         * *       * *         
4                               
5                               
Gen27:
  1 2 3 4 5 6 7 8 9 0 1 2 3 4 5 
1                               
2                               
3                               
4                               
5                               
6                               
7                               
8                               
9                               
0                               
1                               
2         * *       * *         
3         * *       * *         
4                               
5                               
