Gen0:
  1 2 3 4 5 6 7 8 9 0 1 2 3 4 5 6 7 8 9 0 1 2 3 4 5 6 7 8 9 0 1 2 3 4 5 6 
1                                                 *                       
2                                             *   *                       
3                         * *             * *                         * * 
4                       *       *         * *                         * * 
5 * *                 *           *       * *                             
6 * *                 *       *   * *         *   *                       
7                     *           *               *                       
8                       *       *                                         
9                         * *                                             
0                                                                         
1                                                                         
2                                                                         
3                                                                         
4                                                                         
5                                                                         
6                                                                         
7                                                                         
8                                                                         
9                                                                         
0                                                                         
1                                                                         
2                                                                         
3                                                                         
4                                                                         
5                                                                         
6                                                                         
7                                                                         
8                                                                         
9                                                                         
0                                                                         
1                                                                         
2                                                                         
3                                                                         
4                                                                         
5                                                                         
6                                                                         
Gen1:
  1 2 3 4 5 6 7 8 9 0 1 2 3 4 5 6 7 8 9 0 1 2 3 4 5 6 7 8 9 0 1 2 3 4 5 6 
1                                               *                         
2                                           *   *                         
3                         *               *   *                       * * 
4                       * *             *     *                       * * 
5 * *                 * *         * *     *   *                           
6 * *               * * *         * *       *   *                         
7                     * *         * *           *                         
8                       * *                                               
9                         *                                               
0                                                                         
1                                                                         
2                                                                         
3                                                                         
4                                                                         
5                                                                         
6                                                                         
7                                                                         
8                                                                         
9                                                                         
0                                                                         
1                                                                         
2                                                                         
3                                                                         
4                                                                         
5                                                                         
6                                                                         
7                                                                         
8                                                                         
9                                                                         
0                                                                         
1                                                                         
2                                                                         
3                                                                         
4                                                                         
5                                                                         
6                                                                         
Gen2:
  1 2 3 4 5 6 7 8 9 0 1 2 3 4 5 6 7 8 9 0 1 2 3 4 5 6 7 8 9 0 1 2 3 4 5 6 
1                                             *                           
2                                           *   *                         
3                       * *               *   * *                     * * 
4                     *   *             * *   * *                     * * 
5 * *               *             * * *   *   * *                         
6 * *               *     *     *     *     *   *                         
7                   *             * *         *                           
8                     *   *                                               
9                       * *                                               
0                                                                         
1                                                                         
2                                                                         
3                                                                         
4                                                                         
5                                                                         
6                                                                         
7                                                                         
8                                                                         
9                                                                         
0                                                                         
1                                                                         
2                                                                         
3                                                                         
4                                                                         
5                                                                         
6                                                                         
7                                                                         
8                                                                         
9                                                                         
0                                                                         
1                                                                         
2                                                                         
3                                                                         
4                                                                         
5                                                                         
6                                                                         
Gen3:
  1 2 3 4 5 6 7 8 9 0 1 2 3 4 5 6 7 8 9 0 1 2 3 4 5 6 7 8 9 0 1 2 3 4 5 6 
1                                             *                           
2                                           *   *                         
3                       * *             * *       *                   * * 
4                     *   *         * *   *       *                   * * 
5 * *               * * *         * * *   *       *                       
6 * *             * * *         *     * *   *   *                         
7                   * * *         * *         *                           
8                     *   *                                               
9                       * *                                               
0                                                                         
1                                                                         
2                                                                         
3                                                                         
4                                                                         
5                                                                         
6                                                                         
7                                                                         
8                                                                         
9                                                                         
0                                                                         
1                                                                         
2                                                                         
3                                                                         
4                                                                         
5                                                                         
6                                                                         
7                                                                         
8                                                                         
9                                                                         
0                                                                         
1                                                                         
2                                                                         
3                                                                         
4                                                                         
5                                                                         
6                                                                         
Gen4:
  1 2 3 4 5 6 7 8 9 0 1 2 3 4 5 6 7 8 9 0 1 2 3 4 5 6 7 8 9 0 1 2 3 4 5 6 
1                                             *                           
2                                         * * * *                         
3                       * *           * * * *   * *                   * * 
4                   *     *       *       * *   * * *                 * * 
5 * *             *               *       * *   * *                       
6 * *             *             *       * * * * *                         
7                 *               * * *       *                           
8                   *     *                                               
9                       * *                                               
0                                                                         
1                                                                         
2                                                                         
3                                                                         
4                                                                         
5                                                                         
6                                                                         
7                                                                         
8                                                                         
9                                                                         
0                                                                         
1                                                                         
2                                                                         
3                                                                         
4                                                                         
5                                                                         
6                                                                         
7                                                                         
8                                                                         
9                                                                         
0                                                                         
1                                                                         
2                                                                         
3                                                                         
4                                                                         
5                                                                         
6                                                                         
Gen5:
  1 2 3 4 5 6 7 8 9 0 1 2 3 4 5 6 7 8 9 0 1 2 3 4 5 6 7 8 9 0 1 2 3 4 5 6 
1                                             * *                         
2                                                 *                       
3                       * *                         *                 * * 
4                       * *         *               *                 * * 
5 * *             * *           * *                 *                     
6 * *           * * *           *     * *         *                       
7                 * *             * * * * *   * *                         
8                       * *         *                                     
9                       * *                                               
0                                                                         
1                                                                         
2                                                                         
3                                                                         
4                                                                         
5                                                                         
6                                                                         
7                                                                         
8                                                                         
9                                                                         
0                                                                         
1                                                                         
2                                                                         
3                                                                         
4                                                                         
5                                                                         
6                                                                         
7                                                                         
8                                                                         
9                                                                         
0                                                                         
1                                                                         
2                                                                         
3                                                                         
4                                                                         
5                                                                         
6                                                                         
Gen6:
  1 2 3 4 5 6 7 8 9 0 1 2 3 4 5 6 7 8 9 0 1 2 3 4 5 6 7 8 9 0 1 2 3 4 5 6 
1                                               *                         
2                                               * *                       
3                       * *                       * *                 * * 
4                     * * *       *               * * *               * * 
5 * *           *   * *         * * * *           * *                     
6 * *           *     *         *         *     * *                       
7               *   * *           *       *     *                         
8                     * * *       * *   *                                 
9                       * *                                               
0                                                                         
1                                                                         
2                                                                         
3                                                                         
4                                                                         
5                                                                         
6                                                                         
7                                                                         
8                                                                         
9                                                                         
0                                                                         
1                                                                         
2                                                                         
3                                                                         
4                                                                         
5                                                                         
6                                                                         
7                                                                         
8                                                                         
9                                                                         
0                                                                         
1                                                                         
2                                                                         
3                                                                         
4                                                                         
5                                                                         
6                                                                         
Gen7:
  1 2 3 4 5 6 7 8 9 0 1 2 3 4 5 6 7 8 9 0 1 2 3 4 5 6 7 8 9 0 1 2 3 4 5 6 
1                                               * *                       
2                                               *   *                     
3                     *   *                           *               * * 
4                   *     *     * *             *     *               * * 
5 * *             * *           *   *                 *                   
6 * *         * *       *       *       *       *   *                     
7                 * *           * * *   * *     * *                       
8                   *     *       * *                                     
9                     *   *                                               
0                                                                         
1                                                                         
2                                                                         
3                                                                         
4                                                                         
5                                                                         
6                                                                         
7                                                                         
8                                                                         
9                                                                         
0                                                                         
1                                                                         
2                                                                         
3                                                                         
4                                                                         
5                                                                         
6                                                                         
7                                                                         
8                                                                         
9                                                                         
0                                                                         
1                                                                         
2                                                                         
3                                                                         
4                                                                         
5                                                                         
6                                                                         
Gen8:
  1 2 3 4 5 6 7 8 9 0 1 2 3 4 5 6 7 8 9 0 1 2 3 4 5 6 7 8 9 0 1 2 3 4 5 6 
1                                               * *                       
2                                               *   *                     
3                       *                         * * *               * * 
4                 * * * *       * *                 * * *             * * 
5 * *           * * * *       * *                 * * *                   
6 * *           *     *       * *   *   * *     *   *                     
7               * * * *         *   *   * *     * *                       
8                 * * * *       *   * *                                   
9                       *                                                 
0                                                                         
1                                                                         
2                                                                         
3                                                                         
4                                                                         
5                                                                         
6                                                                         
7                                                                         
8                                                                         
9                                                                         
0                                                                         
1                                                                         
2                                                                         
3                                                                         
4                                                                         
5                                                                         
6                                                                         
7                                                                         
8                                                                         
9                                                                         
0                                                                         
1                                                                         
2                                                                         
3                                                                         
4                                                                         
5                                                                         
6                                                                         
Gen9:
  1 2 3 4 5 6 7 8 9 0 1 2 3 4 5 6 7 8 9 0 1 2 3 4 5 6 7 8 9 0 1 2 3 4 5 6 
1                                               * *                       
2                                               *     *                   
3                   *   *                               *             * * 
4               *       *     * * *                     *             * * 
5 * *           *                                       *                 
6 * *         *         *               * *     *     *                   
7               *               *   *     *     * *                       
8               *       *           * * *                                 
9                   *   *                                                 
0                                                                         
1                                                                         
2                                                                         
3                                                                         
4                                                                         
5                                                                         
6                                                                         
7                                                                         
8                                                                         
9                                                                         
0                                                                         
1                                                                         
2                                                                         
3                                                                         
4                                                                         
5                                                                         
6                                                                         
7                                                                         
8                                                                         
9                                                                         
0                                                                         
1                                                                         
2                                                                         
3                                                                         
4                                                                         
5                                                                         
6                                                                         
Gen10:
  1 2 3 4 5 6 7 8 9 0 1 2 3 4 5 6 7 8 9 0 1 2 3 4 5 6 7 8 9 0 1 2 3 4 5 6 
1                                               * *                       
2                                               * *                       
3                     *         *                     * *             * * 
4                 *   *         *                     * * *           * * 
5 * *         * *               *                     * *                 
6 * *         * *                       * *     * *                       
7             * *                 * *     *     * *                       
8                 *   *           * * * *                                 
9                     *               *                                   
0                                                                         
1                                                                         
2                                                                         
3                                                                         
4                                                                         
5                                                                         
6                                                                         
7                                                                         
8                                                                         
9                                                                         
0                                                                         
1                                                                         
2                                                                         
3                                                                         
4                                                                         
5                                                                         
6                                                                         
7                                                                         
8                                                                         
9                                                                         
0                                                                         
1                                                                         
2                                                                         
3                                                                         
4                                                                         
5                                                                         
6                                                                         
Gen11:
  1 2 3 4 5 6 7 8 9 0 1 2 3 4 5 6 7 8 9 0 1 2 3 4 5 6 7 8 9 0 1 2 3 4 5 6 
1                                               * *                       
2                                               * * *                     
3                   *                               * *   *           * * 
4               *   *         * * *                 *     *           * * 
5 * *         *   *                                 * *   *               
6 * *       *     *               *     * *     * * *                     
7             *   *               *       *     * *                       
8               *   *             *     *                                 
9                   *                 * *                                 
0                                                                         
1                                                                         
2                                                                         
3                                                                         
4                                                                         
5                                                                         
6                                                                         
7                                                                         
8                                                                         
9                                                                         
0                                                                         
1                                                                         
2                                                                         
3                                                                         
4                                                                         
5                                                                         
6                                                                         
7                                                                         
8                                                                         
9                                                                         
0                                                                         
1                                                                         
2                                                                         
3                                                                         
4                                                                         
5                                                                         
6                                                                         
Gen12:
  1 2 3 4 5 6 7 8 9 0 1 2 3 4 5 6 7 8 9 0 1 2 3 4 5 6 7 8 9 0 1 2 3 4 5 6 
1                                               *   *                     
2                                               *     *                   
3                 *             *                     * *             * * 
4               *   *           *                 *       * *         * * 
5 * *         *   * *             *                   * *                 
6 * *       * *   * *                   * *     *     *                   
7             *   * *           * * *     *     *   *                     
8               *   *               * * * *                               
9                 *                   * *                                 
0                                                                         
1                                                                         
2                                                                         
3                                                                         
4                                                                         
5                                                                         
6                                                                         
7                                                                         
8                                                                         
9                                                                         
0                                                                         
1                                                                         
2                                                                         
3                                                                         
4                                                                         
5                                                                         
6                                                                         
7                                                                         
8                                                                         
9                                                                         
0                                                                         
1                                                                         
2                                                                         
3                                                                         
4                                                                         
5                                                                         
6                                                                         
